# JRE version: Java(TM) SE Runtime Environment (8.0_31-b13) (build 1.8.0_31-b13)
# Java VM: Java HotSpot(TM) Server VM (25.31-b07 mixed mode linux-x86 )
Heap:
 PSYoungGen      total 19200K, used 388K [0x92400000, 0x93940000, 0xa7000000)
  eden space 16640K, 2% used [0x92400000,0x924612c8,0x93440000)
  from space 2560K, 0% used [0x936c0000,0x936c0000,0x93940000)
  to   space 2560K, 0% used [0x93440000,0x93440000,0x936c0000)
 ParOldGen       total 43776K, used 865K [0x68c00000, 0x6b6c0000, 0x92400000)
  object space 43776K, 1% used [0x68c00000,0x68cd8728,0x6b6c0000)
 Metaspace       used 3864K, capacity 3872K, committed 3992K, reserved 4400K
GC Heap History (8 events):
Event: 15.587 GC heap before
{Heap before GC invocations=1 (full 0):
 PSYoungGen      total 19200K, used 8823K [0x92400000, 0x93940000, 0xa7000000)
  eden space 16640K, 53% used [0x92400000,0x92c9dec8,0x93440000)
  from space 2560K, 0% used [0x936c0000,0x936c0000,0x93940000)
  to   space 2560K, 0% used [0x93440000,0x93440000,0x936c0000)
 ParOldGen       total 43776K, used 0K [0x68c00000, 0x6b6c0000, 0x92400000)
  object space 43776K, 0% used [0x68c00000,0x68c00000,0x6b6c0000)
 Metaspace       used 3758K, capacity 3808K, committed 3864K, reserved 4400K
Event: 15.597 GC heap after
Heap after GC invocations=1 (full 0):
 PSYoungGen      total 19200K, used 2424K [0x92400000, 0x93940000, 0xa7000000)
  eden space 16640K, 0% used [0x92400000,0x92400000,0x93440000)
  from space 2560K, 94% used [0x93440000,0x9369e2a0,0x936c0000)
  to   space 2560K, 0% used [0x936c0000,0x936c0000,0x93940000)
 ParOldGen       total 43776K, used 68K [0x68c00000, 0x6b6c0000, 0x92400000)
  object space 43776K, 0% used [0x68c00000,0x68c11010,0x6b6c0000)
 Metaspace       used 3758K, capacity 3808K, committed 3864K, reserved 4400K
}
Event: 15.597 GC heap before
{Heap before GC invocations=2 (full 1):
 PSYoungGen      total 19200K, used 2424K [0x92400000, 0x93940000, 0xa7000000)
  eden space 16640K, 0% used [0x92400000,0x92400000,0x93440000)
  from space 2560K, 94% used [0x93440000,0x9369e2a0,0x936c0000)
  to   space 2560K, 0% used [0x936c0000,0x936c0000,0x93940000)
 ParOldGen       total 43776K, used 68K [0x68c00000, 0x6b6c0000, 0x92400000)
  object space 43776K, 0% used [0x68c00000,0x68c11010,0x6b6c0000)
 Metaspace       used 3758K, capacity 3808K, committed 3864K, reserved 4400K
Event: 15.617 GC heap after
Heap after GC invocations=2 (full 1):
 PSYoungGen      total 19200K, used 0K [0x92400000, 0x93940000, 0xa7000000)
  eden space 16640K, 0% used [0x92400000,0x92400000,0x93440000)
  from space 2560K, 0% used [0x93440000,0x93440000,0x936c0000)
  to   space 2560K, 0% used [0x936c0000,0x936c0000,0x93940000)
 ParOldGen       total 43776K, used 2434K [0x68c00000, 0x6b6c0000, 0x92400000)
  object space 43776K, 5% used [0x68c00000,0x68e60b50,0x6b6c0000)
 Metaspace       used 3758K, capacity 3808K, committed 3864K, reserved 4400K
}
Event: 15.660 GC heap before
{Heap before GC invocations=3 (full 1):
 PSYoungGen      total 19200K, used 1084K [0x92400000, 0x93940000, 0xa7000000)
  eden space 16640K, 6% used [0x92400000,0x9250f1a0,0x93440000)
  from space 2560K, 0% used [0x93440000,0x93440000,0x936c0000)
  to   space 2560K, 0% used [0x936c0000,0x936c0000,0x93940000)
 ParOldGen       total 43776K, used 2434K [0x68c00000, 0x6b6c0000, 0x92400000)
  object space 43776K, 5% used [0x68c00000,0x68e60b50,0x6b6c0000)
 Metaspace       used 3858K, capacity 3872K, committed 3992K, reserved 4400K
Event: 15.661 GC heap after
Heap after GC invocations=3 (full 1):
 PSYoungGen      total 19200K, used 111K [0x92400000, 0x93940000, 0xa7000000)
  eden space 16640K, 0% used [0x92400000,0x92400000,0x93440000)
  from space 2560K, 4% used [0x936c0000,0x936dbe40,0x93940000)
  to   space 2560K, 0% used [0x93440000,0x93440000,0x936c0000)
 ParOldGen       total 43776K, used 2438K [0x68c00000, 0x6b6c0000, 0x92400000)
  object space 43776K, 5% used [0x68c00000,0x68e61b50,0x6b6c0000)
 Metaspace       used 3858K, capacity 3872K, committed 3992K, reserved 4400K
}
Event: 15.661 GC heap before
{Heap before GC invocations=4 (full 2):
 PSYoungGen      total 19200K, used 111K [0x92400000, 0x93940000, 0xa7000000)
  eden space 16640K, 0% used [0x92400000,0x92400000,0x93440000)
  from space 2560K, 4% used [0x936c0000,0x936dbe40,0x93940000)
  to   space 2560K, 0% used [0x93440000,0x93440000,0x936c0000)
 ParOldGen       total 43776K, used 2438K [0x68c00000, 0x6b6c0000, 0x92400000)
  object space 43776K, 5% used [0x68c00000,0x68e61b50,0x6b6c0000)
 Metaspace       used 3858K, capacity 3872K, committed 3992K, reserved 4400K
Event: 15.673 GC heap after
Heap after GC invocations=4 (full 2):
 PSYoungGen      total 19200K, used 0K [0x92400000, 0x93940000, 0xa7000000)
  eden space 16640K, 0% used [0x92400000,0x92400000,0x93440000)
  from space 2560K, 0% used [0x936c0000,0x936c0000,0x93940000)
  to   space 2560K, 0% used [0x93440000,0x93440000,0x936c0000)
 ParOldGen       total 43776K, used 865K [0x68c00000, 0x6b6c0000, 0x92400000)
  object space 43776K, 1% used [0x68c00000,0x68cd8728,0x6b6c0000)
 Metaspace       used 3858K, capacity 3872K, committed 3992K, reserved 4400K
}

