# JRE version: Java(TM) SE Runtime Environment (8.0_31-b13) (build 1.8.0_31-b13)
# Java VM: Java HotSpot(TM) Server VM (25.31-b07 mixed mode linux-x86 )
Heap:
 PSYoungGen      total 19200K, used 555K [0x92400000, 0x93940000, 0xa7000000)
  eden space 16640K, 3% used [0x92400000,0x9248ac60,0x93440000)
  from space 2560K, 0% used [0x936c0000,0x936c0000,0x93940000)
  to   space 2560K, 0% used [0x93440000,0x93440000,0x936c0000)
 ParOldGen       total 43776K, used 809K [0x68c00000, 0x6b6c0000, 0x92400000)
  object space 43776K, 1% used [0x68c00000,0x68cca578,0x6b6c0000)
 Metaspace       used 3840K, capacity 3870K, committed 3992K, reserved 4400K
GC Heap History (8 events):
Event: 6.359 GC heap before
{Heap before GC invocations=1 (full 0):
 PSYoungGen      total 19200K, used 6407K [0x92400000, 0x93940000, 0xa7000000)
  eden space 16640K, 38% used [0x92400000,0x92a41cf0,0x93440000)
  from space 2560K, 0% used [0x936c0000,0x936c0000,0x93940000)
  to   space 2560K, 0% used [0x93440000,0x93440000,0x936c0000)
 ParOldGen       total 43776K, used 0K [0x68c00000, 0x6b6c0000, 0x92400000)
  object space 43776K, 0% used [0x68c00000,0x68c00000,0x6b6c0000)
 Metaspace       used 3727K, capacity 3774K, committed 3864K, reserved 4400K
Event: 6.364 GC heap after
Heap after GC invocations=1 (full 0):
 PSYoungGen      total 19200K, used 1507K [0x92400000, 0x93940000, 0xa7000000)
  eden space 16640K, 0% used [0x92400000,0x92400000,0x93440000)
  from space 2560K, 58% used [0x93440000,0x935b8f38,0x936c0000)
  to   space 2560K, 0% used [0x936c0000,0x936c0000,0x93940000)
 ParOldGen       total 43776K, used 68K [0x68c00000, 0x6b6c0000, 0x92400000)
  object space 43776K, 0% used [0x68c00000,0x68c11010,0x6b6c0000)
 Metaspace       used 3727K, capacity 3774K, committed 3864K, reserved 4400K
}
Event: 6.364 GC heap before
{Heap before GC invocations=2 (full 1):
 PSYoungGen      total 19200K, used 1507K [0x92400000, 0x93940000, 0xa7000000)
  eden space 16640K, 0% used [0x92400000,0x92400000,0x93440000)
  from space 2560K, 58% used [0x93440000,0x935b8f38,0x936c0000)
  to   space 2560K, 0% used [0x936c0000,0x936c0000,0x93940000)
 ParOldGen       total 43776K, used 68K [0x68c00000, 0x6b6c0000, 0x92400000)
  object space 43776K, 0% used [0x68c00000,0x68c11010,0x6b6c0000)
 Metaspace       used 3727K, capacity 3774K, committed 3864K, reserved 4400K
Event: 6.382 GC heap after
Heap after GC invocations=2 (full 1):
 PSYoungGen      total 19200K, used 0K [0x92400000, 0x93940000, 0xa7000000)
  eden space 16640K, 0% used [0x92400000,0x92400000,0x93440000)
  from space 2560K, 0% used [0x93440000,0x93440000,0x936c0000)
  to   space 2560K, 0% used [0x936c0000,0x936c0000,0x93940000)
 ParOldGen       total 43776K, used 1516K [0x68c00000, 0x6b6c0000, 0x92400000)
  object space 43776K, 3% used [0x68c00000,0x68d7b188,0x6b6c0000)
 Metaspace       used 3727K, capacity 3774K, committed 3864K, reserved 4400K
}
Event: 6.410 GC heap before
{Heap before GC invocations=3 (full 1):
 PSYoungGen      total 19200K, used 1442K [0x92400000, 0x93940000, 0xa7000000)
  eden space 16640K, 8% used [0x92400000,0x92568a68,0x93440000)
  from space 2560K, 0% used [0x93440000,0x93440000,0x936c0000)
  to   space 2560K, 0% used [0x936c0000,0x936c0000,0x93940000)
 ParOldGen       total 43776K, used 1516K [0x68c00000, 0x6b6c0000, 0x92400000)
  object space 43776K, 3% used [0x68c00000,0x68d7b188,0x6b6c0000)
 Metaspace       used 3827K, capacity 3838K, committed 3864K, reserved 4400K
Event: 6.412 GC heap after
Heap after GC invocations=3 (full 1):
 PSYoungGen      total 19200K, used 134K [0x92400000, 0x93940000, 0xa7000000)
  eden space 16640K, 0% used [0x92400000,0x92400000,0x93440000)
  from space 2560K, 5% used [0x936c0000,0x936e1808,0x93940000)
  to   space 2560K, 0% used [0x93440000,0x93440000,0x936c0000)
 ParOldGen       total 43776K, used 1520K [0x68c00000, 0x6b6c0000, 0x92400000)
  object space 43776K, 3% used [0x68c00000,0x68d7c188,0x6b6c0000)
 Metaspace       used 3827K, capacity 3838K, committed 3864K, reserved 4400K
}
Event: 6.412 GC heap before
{Heap before GC invocations=4 (full 2):
 PSYoungGen      total 19200K, used 134K [0x92400000, 0x93940000, 0xa7000000)
  eden space 16640K, 0% used [0x92400000,0x92400000,0x93440000)
  from space 2560K, 5% used [0x936c0000,0x936e1808,0x93940000)
  to   space 2560K, 0% used [0x93440000,0x93440000,0x936c0000)
 ParOldGen       total 43776K, used 1520K [0x68c00000, 0x6b6c0000, 0x92400000)
  object space 43776K, 3% used [0x68c00000,0x68d7c188,0x6b6c0000)
 Metaspace       used 3827K, capacity 3838K, committed 3864K, reserved 4400K
Event: 6.425 GC heap after
Heap after GC invocations=4 (full 2):
 PSYoungGen      total 19200K, used 0K [0x92400000, 0x93940000, 0xa7000000)
  eden space 16640K, 0% used [0x92400000,0x92400000,0x93440000)
  from space 2560K, 0% used [0x936c0000,0x936c0000,0x93940000)
  to   space 2560K, 0% used [0x93440000,0x93440000,0x936c0000)
 ParOldGen       total 43776K, used 809K [0x68c00000, 0x6b6c0000, 0x92400000)
  object space 43776K, 1% used [0x68c00000,0x68cca578,0x6b6c0000)
 Metaspace       used 3827K, capacity 3838K, committed 3864K, reserved 4400K
}

